<?xml version="1.0" encoding="UTF-8"?>
<!-- Generated by org.testng.reporters.JUnitReportReporter -->
<testsuite hostname="DESKTOP-7CTG9BO" failures="0" tests="6" name="com.tutorialsninja.qa.testcase.LoginTest" time="35.686" errors="0" timestamp="2025-07-02T14:21:52 IST" skipped="0">
  <testcase classname="com.tutorialsninja.qa.testcase.LoginTest" name="vrifyLoginWithValidCredentials" time="6.890"/>
  <testcase classname="com.tutorialsninja.qa.testcase.LoginTest" name="vrifyLoginWithValidCredentials" time="6.304"/>
  <testcase classname="com.tutorialsninja.qa.testcase.LoginTest" name="verifyLoginWithInValidCredentials" time="6.229"/>
  <testcase classname="com.tutorialsninja.qa.testcase.LoginTest" name="verifyLoginWithInvalidEmailAndValidPassword" time="5.919"/>
  <testcase classname="com.tutorialsninja.qa.testcase.LoginTest" name="verifyLoginWithValidEmailAndInvalidPassword" time="5.377"/>
  <testcase classname="com.tutorialsninja.qa.testcase.LoginTest" name="verifyLoginWithoutProvidingCredentials" time="4.967"/>
</testsuite> <!-- com.tutorialsninja.qa.testcase.LoginTest -->
