<?xml version="1.0" encoding="UTF-8"?>
<!-- Generated by org.testng.reporters.JUnitReportReporter -->
<testsuite hostname="DESKTOP-7CTG9BO" failures="0" tests="3" name="com.tutorialsninja.qa.testcase.SearchTest" time="12.372" errors="0" timestamp="2025-07-02T14:21:52 IST" skipped="0">
  <testcase classname="com.tutorialsninja.qa.testcase.SearchTest" name="vrifySearchWithValidProduct" time="4.106"/>
  <testcase classname="com.tutorialsninja.qa.testcase.SearchTest" name="verifySearchWithInvalidProduct" time="4.083"/>
  <testcase classname="com.tutorialsninja.qa.testcase.SearchTest" name="verifySearchWithoutAnyProduct" time="4.183"/>
</testsuite> <!-- com.tutorialsninja.qa.testcase.SearchTest -->
